<?xml version="1.0" encoding="UTF-8"?>
<!-- Generated by org.testng.reporters.JUnitReportReporter -->
<testsuite hostname="Eric" failures="0" tests="3" name="ericwin.tests.SubmitOrderTest" time="31.084" errors="0" timestamp="01 May 2024 13:07:31 GMT" skipped="0">
  <testcase classname="ericwin.tests.SubmitOrderTest" name="submitOrder" time="9.743"/>
  <testcase classname="ericwin.tests.SubmitOrderTest" name="submitOrder" time="15.581"/>
  <testcase classname="ericwin.tests.SubmitOrderTest" name="orderHistoryTest" time="5.760"/>
</testsuite> <!-- ericwin.tests.SubmitOrderTest -->
