<?xml version="1.0" encoding="UTF-8"?>
<!-- Generated by org.testng.reporters.JUnitReportReporter -->
<testsuite hostname="Eric" failures="0" tests="2" name="ericwin.tests.ErrorValidationsTest" time="20.372" errors="0" timestamp="01 May 2024 13:07:31 GMT" skipped="0">
  <testcase classname="ericwin.tests.ErrorValidationsTest" name="loginErrorValidation" time="11.706"/>
  <testcase classname="ericwin.tests.ErrorValidationsTest" name="productErrorValidation" time="8.666"/>
</testsuite> <!-- ericwin.tests.ErrorValidationsTest -->
